[0.021s] Invoking command in '/home/user/ros2_ws/build/russell': CMAKE_PREFIX_PATH=${CMAKE_PREFIX_PATH}:/opt/ros/jazzy DEBUGINFOD_URLS=https://debuginfod.ubuntu.com /usr/bin/cmake /home/user/ros2_ws/src/russell -DAMENT_CMAKE_SYMLINK_INSTALL=1 -DCMAKE_INSTALL_PREFIX=/home/user/ros2_ws/install/russell
[0.161s] -- The C compiler identification is GNU 13.3.0
[0.275s] -- The CXX compiler identification is GNU 13.3.0
[0.303s] -- Detecting C compiler ABI info
[0.407s] -- Detecting C compiler ABI info - done
[0.415s] -- Check for working C compiler: /usr/bin/cc - skipped
[0.415s] -- Detecting C compile features
[0.416s] -- Detecting C compile features - done
[0.446s] -- Detecting CXX compiler ABI info
[0.563s] -- Detecting CXX compiler ABI info - done
[0.570s] -- Check for working CXX compiler: /usr/bin/c++ - skipped
[0.570s] -- Detecting CXX compile features
[0.571s] -- Detecting CXX compile features - done
[0.593s] -- Found ament_cmake: 2.5.6 (/opt/ros/jazzy/share/ament_cmake/cmake)
[0.731s] -- Found Python3: /usr/bin/python3 (found version "3.12.3") found components: Interpreter 
[0.808s] -- Override CMake install command with custom implementation using symlinks instead of copying resources
[0.875s] -- Found ament_lint_auto: 0.17.5 (/opt/ros/jazzy/share/ament_lint_auto/cmake)
[0.981s] -- Added test 'lint_cmake' to check CMake code style
[0.983s] -- Added test 'xmllint' to check XML markup files
[0.986s] -- Configuring done (0.9s)
[0.988s] -- Generating done (0.0s)
[0.991s] -- Build files have been written to: /home/user/ros2_ws/build/russell
[0.998s] Invoked command in '/home/user/ros2_ws/build/russell' returned '0': CMAKE_PREFIX_PATH=${CMAKE_PREFIX_PATH}:/opt/ros/jazzy DEBUGINFOD_URLS=https://debuginfod.ubuntu.com /usr/bin/cmake /home/user/ros2_ws/src/russell -DAMENT_CMAKE_SYMLINK_INSTALL=1 -DCMAKE_INSTALL_PREFIX=/home/user/ros2_ws/install/russell
[0.998s] Invoking command in '/home/user/ros2_ws/build/russell': CMAKE_PREFIX_PATH=${CMAKE_PREFIX_PATH}:/opt/ros/jazzy DEBUGINFOD_URLS=https://debuginfod.ubuntu.com /usr/bin/cmake --build /home/user/ros2_ws/build/russell -- -j20 -l20
[1.053s] Invoked command in '/home/user/ros2_ws/build/russell' returned '0': CMAKE_PREFIX_PATH=${CMAKE_PREFIX_PATH}:/opt/ros/jazzy DEBUGINFOD_URLS=https://debuginfod.ubuntu.com /usr/bin/cmake --build /home/user/ros2_ws/build/russell -- -j20 -l20
[1.072s] Invoking command in '/home/user/ros2_ws/build/russell': CMAKE_PREFIX_PATH=${CMAKE_PREFIX_PATH}:/opt/ros/jazzy DEBUGINFOD_URLS=https://debuginfod.ubuntu.com /usr/bin/cmake --install /home/user/ros2_ws/build/russell
[1.080s] -- Install configuration: ""
[1.080s] -- Execute custom install script
[1.082s] -- Symlinking: /home/user/ros2_ws/install/russell/share/ament_index/resource_index/package_run_dependencies/russell
[1.091s] -- Symlinking: /home/user/ros2_ws/install/russell/share/ament_index/resource_index/parent_prefix_path/russell
[1.099s] -- Symlinking: /home/user/ros2_ws/install/russell/share/russell/environment/ament_prefix_path.sh
[1.107s] -- Symlinking: /home/user/ros2_ws/install/russell/share/russell/environment/ament_prefix_path.dsv
[1.115s] -- Symlinking: /home/user/ros2_ws/install/russell/share/russell/environment/path.sh
[1.123s] -- Symlinking: /home/user/ros2_ws/install/russell/share/russell/environment/path.dsv
[1.133s] -- Symlinking: /home/user/ros2_ws/install/russell/share/russell/local_setup.bash
[1.141s] -- Symlinking: /home/user/ros2_ws/install/russell/share/russell/local_setup.sh
[1.149s] -- Symlinking: /home/user/ros2_ws/install/russell/share/russell/local_setup.zsh
[1.157s] -- Symlinking: /home/user/ros2_ws/install/russell/share/russell/local_setup.dsv
[1.164s] -- Symlinking: /home/user/ros2_ws/install/russell/share/russell/package.dsv
[1.172s] -- Symlinking: /home/user/ros2_ws/install/russell/share/ament_index/resource_index/packages/russell
[1.180s] -- Symlinking: /home/user/ros2_ws/install/russell/share/russell/cmake/russellConfig.cmake
[1.189s] -- Symlinking: /home/user/ros2_ws/install/russell/share/russell/cmake/russellConfig-version.cmake
[1.196s] -- Symlinking: /home/user/ros2_ws/install/russell/share/russell/package.xml
[1.207s] Invoked command in '/home/user/ros2_ws/build/russell' returned '0': CMAKE_PREFIX_PATH=${CMAKE_PREFIX_PATH}:/opt/ros/jazzy DEBUGINFOD_URLS=https://debuginfod.ubuntu.com /usr/bin/cmake --install /home/user/ros2_ws/build/russell
